2025-07-06 13:08:35,230 - __main__ - INFO - 'flashcards_state.json' not found or corrupted. Attempting initial load from 'words.xlsx'.
2025-07-06 13:08:41,032 - excel_loader - INFO - Successfully loaded 'words.xlsx' into a DataFrame.
2025-07-06 13:08:41,032 - excel_loader - INFO - --- First 5 rows of the DataFrame ---
2025-07-06 13:08:41,101 - excel_loader - INFO - 
| number   | Chinese   | Pinyin   | English        |
|:---------|:----------|:---------|:---------------|
| 1        | 只（量词）     | zhī      | (measure word) |
| 2        | 一会儿       | yíhuìr   | a while        |
| 3        | 关于        | guānyú   | about          |
| 4        | 根据        | gēnjù    | according to   |
| 5        | 成绩        | chéngjì  | achievement    |
2025-07-06 13:08:41,102 - excel_loader - INFO - --- DataFrame Information (Columns and Data Types) ---
2025-07-06 13:08:41,202 - excel_loader - INFO - <class 'pandas.core.frame.DataFrame'>
RangeIndex: 1033 entries, 0 to 1032
Data columns (total 4 columns):
 #   Column   Non-Null Count  Dtype 
---  ------   --------------  ----- 
 0   number   1033 non-null   int64 
 1   Chinese  1033 non-null   object
 2   Pinyin   1033 non-null   object
 3   English  1033 non-null   object
dtypes: int64(1), object(3)
memory usage: 32.4+ KB

2025-07-06 13:08:41,238 - __main__ - INFO - Initial load from Excel completed. 1033 cards created.
2025-07-06 13:10:43,185 - __main__ - INFO - 
--- Listing All Flashcards ---
2025-07-06 13:10:43,198 - __main__ - INFO - Listed 1033 flashcards.
2025-07-06 13:10:48,080 - __main__ - INFO - Program state saved successfully to 'flashcards_state.json'.
2025-07-06 13:10:48,081 - __main__ - INFO - Flashcard program exited.
